<?xml version="1.0" encoding="UTF-8"?>
<testng-results ignored="0" total="1" passed="1" failed="0" skipped="0">
  <reporter-output>
  </reporter-output>
  <suite started-at="2023-12-18T12:33:17 IST" name="Default suite" finished-at="2023-12-18T12:33:17 IST" duration-ms="117">
    <groups>
    </groups>
    <test started-at="2023-12-18T12:33:17 IST" name="Default test" finished-at="2023-12-18T12:33:17 IST" duration-ms="117">
      <class name="EdiValidator.EDI837Validator">
        <test-method signature="EDI837Test()[pri:0, instance:EdiValidator.EDI837Validator@3bf9ce3e]" started-at="2023-12-18T12:33:17 IST" name="EDI837Test" finished-at="2023-12-18T12:33:17 IST" duration-ms="32" status="PASS">
          <reporter-output>
          </reporter-output>
        </test-method> <!-- EDI837Test -->
      </class> <!-- EdiValidator.EDI837Validator -->
    </test> <!-- Default test -->
  </suite> <!-- Default suite -->
</testng-results>
